Overwrite C:\Program Files (x86)\EasyPHP-DevServer-14.1VC11\data\localweb\copyback.bat (Yes/No/All)? a
C:\Users\mbahoshy\coding\tadah\copyback.bat
C:\Users\mbahoshy\coding\tadah\copyback.log
C:\Users\mbahoshy\coding\tadah\index.html
C:\Users\mbahoshy\coding\tadah\main.css
C:\Users\mbahoshy\coding\tadah\imgs\asparagus.JPG
C:\Users\mbahoshy\coding\tadah\imgs\berry.JPG
C:\Users\mbahoshy\coding\tadah\imgs\cake.JPG
C:\Users\mbahoshy\coding\tadah\imgs\close-up-fruit.jpg
C:\Users\mbahoshy\coding\tadah\imgs\cupcake.gif
C:\Users\mbahoshy\coding\tadah\imgs\cupcake.JPG
C:\Users\mbahoshy\coding\tadah\imgs\food.gif
C:\Users\mbahoshy\coding\tadah\imgs\food.JPG
C:\Users\mbahoshy\coding\tadah\imgs\GreatVibes-Regular.otf
C:\Users\mbahoshy\coding\tadah\imgs\meat.jpg
C:\Users\mbahoshy\coding\tadah\imgs\oranges.gif
C:\Users\mbahoshy\coding\tadah\imgs\oranges.JPG
C:\Users\mbahoshy\coding\tadah\imgs\pie.gif
C:\Users\mbahoshy\coding\tadah\imgs\pie.jpg
C:\Users\mbahoshy\coding\tadah\imgs\plated.gif
C:\Users\mbahoshy\coding\tadah\imgs\platter-full.JPG
C:\Users\mbahoshy\coding\tadah\imgs\portuese2.jpg
C:\Users\mbahoshy\coding\tadah\imgs\salad.jpg
C:\Users\mbahoshy\coding\tadah\imgs\SIL Open Font License.txt
C:\Users\mbahoshy\coding\tadah\imgs\sweet.gif
C:\Users\mbahoshy\coding\tadah\imgs\sweet.JPG
C:\Users\mbahoshy\coding\tadah\imgs\wood.png
C:\Users\mbahoshy\coding\tadah\imgs\zoom_platter.gif
C:\Users\mbahoshy\coding\tadah\imgs\zoom_platter.JPG
C:\Users\mbahoshy\coding\tadah\pages\love-notes.html
C:\Users\mbahoshy\coding\tadah\pages\seattle-catering-events.html
C:\Users\mbahoshy\coding\tadah\pages\seattle-catering-menu.html
C:\Users\mbahoshy\coding\tadah\pages\seattle-contact-catering.html
C:\Users\mbahoshy\coding\tadah\scripts\jquery.js
33 File(s) copied
C:\Users\mbahoshy\coding\tadah\copyback.bat
C:\Users\mbahoshy\coding\tadah\copyback.log
C:\Users\mbahoshy\coding\tadah\index.html
C:\Users\mbahoshy\coding\tadah\main.css
C:\Users\mbahoshy\coding\tadah\imgs\asparagus.JPG
C:\Users\mbahoshy\coding\tadah\imgs\berry.JPG
C:\Users\mbahoshy\coding\tadah\imgs\cake.JPG
C:\Users\mbahoshy\coding\tadah\imgs\close-up-fruit.jpg
C:\Users\mbahoshy\coding\tadah\imgs\cupcake.gif
C:\Users\mbahoshy\coding\tadah\imgs\cupcake.JPG
C:\Users\mbahoshy\coding\tadah\imgs\food.gif
C:\Users\mbahoshy\coding\tadah\imgs\food.JPG
C:\Users\mbahoshy\coding\tadah\imgs\GreatVibes-Regular.otf
C:\Users\mbahoshy\coding\tadah\imgs\meat.jpg
C:\Users\mbahoshy\coding\tadah\imgs\oranges.gif
C:\Users\mbahoshy\coding\tadah\imgs\oranges.JPG
C:\Users\mbahoshy\coding\tadah\imgs\pie.gif
C:\Users\mbahoshy\coding\tadah\imgs\pie.jpg
C:\Users\mbahoshy\coding\tadah\imgs\plated.gif
C:\Users\mbahoshy\coding\tadah\imgs\platter-full.JPG
C:\Users\mbahoshy\coding\tadah\imgs\portuese2.jpg
C:\Users\mbahoshy\coding\tadah\imgs\salad.jpg
C:\Users\mbahoshy\coding\tadah\imgs\SIL Open Font License.txt
C:\Users\mbahoshy\coding\tadah\imgs\sweet.gif
C:\Users\mbahoshy\coding\tadah\imgs\sweet.JPG
C:\Users\mbahoshy\coding\tadah\imgs\wood.png
C:\Users\mbahoshy\coding\tadah\imgs\zoom_platter.gif
C:\Users\mbahoshy\coding\tadah\imgs\zoom_platter.JPG
C:\Users\mbahoshy\coding\tadah\pages\love-notes.html
C:\Users\mbahoshy\coding\tadah\pages\seattle-catering-events.html
C:\Users\mbahoshy\coding\tadah\pages\seattle-catering-menu.html
C:\Users\mbahoshy\coding\tadah\pages\seattle-contact-catering.html
C:\Users\mbahoshy\coding\tadah\scripts\jquery.js
33 File(s) copied
C:\Users\mbahoshy\coding\tadah\copyback.bat
C:\Users\mbahoshy\coding\tadah\copyback.log
C:\Users\mbahoshy\coding\tadah\index.html
C:\Users\mbahoshy\coding\tadah\main.css
C:\Users\mbahoshy\coding\tadah\imgs\asparagus.JPG
C:\Users\mbahoshy\coding\tadah\imgs\berry.JPG
C:\Users\mbahoshy\coding\tadah\imgs\cake.JPG
C:\Users\mbahoshy\coding\tadah\imgs\close-up-fruit.jpg
C:\Users\mbahoshy\coding\tadah\imgs\cupcake.gif
C:\Users\mbahoshy\coding\tadah\imgs\cupcake.JPG
C:\Users\mbahoshy\coding\tadah\imgs\food.gif
C:\Users\mbahoshy\coding\tadah\imgs\food.JPG
C:\Users\mbahoshy\coding\tadah\imgs\GreatVibes-Regular.otf
C:\Users\mbahoshy\coding\tadah\imgs\meat.jpg
C:\Users\mbahoshy\coding\tadah\imgs\oranges.gif
C:\Users\mbahoshy\coding\tadah\imgs\oranges.JPG
C:\Users\mbahoshy\coding\tadah\imgs\pie.gif
C:\Users\mbahoshy\coding\tadah\imgs\pie.jpg
C:\Users\mbahoshy\coding\tadah\imgs\plated.gif
C:\Users\mbahoshy\coding\tadah\imgs\platter-full.JPG
C:\Users\mbahoshy\coding\tadah\imgs\portuese2.jpg
C:\Users\mbahoshy\coding\tadah\imgs\salad.jpg
C:\Users\mbahoshy\coding\tadah\imgs\SIL Open Font License.txt
C:\Users\mbahoshy\coding\tadah\imgs\sweet.gif
C:\Users\mbahoshy\coding\tadah\imgs\sweet.JPG
C:\Users\mbahoshy\coding\tadah\imgs\wood.png
C:\Users\mbahoshy\coding\tadah\imgs\zoom_platter.gif
C:\Users\mbahoshy\coding\tadah\imgs\zoom_platter.JPG
C:\Users\mbahoshy\coding\tadah\pages\love-notes.html
C:\Users\mbahoshy\coding\tadah\pages\seattle-catering-events.html
C:\Users\mbahoshy\coding\tadah\pages\seattle-catering-menu.html
C:\Users\mbahoshy\coding\tadah\pages\seattle-contact-catering.html
C:\Users\mbahoshy\coding\tadah\scripts\jquery.js
33 File(s) copied
C:\Users\mbahoshy\coding\tadah\copyback.bat
C:\Users\mbahoshy\coding\tadah\copyback.log
C:\Users\mbahoshy\coding\tadah\index.html
C:\Users\mbahoshy\coding\tadah\main.css
C:\Users\mbahoshy\coding\tadah\imgs\asparagus.JPG
C:\Users\mbahoshy\coding\tadah\imgs\berry.JPG
C:\Users\mbahoshy\coding\tadah\imgs\cake.JPG
C:\Users\mbahoshy\coding\tadah\imgs\close-up-fruit.jpg
C:\Users\mbahoshy\coding\tadah\imgs\cupcake.gif
C:\Users\mbahoshy\coding\tadah\imgs\cupcake.JPG
C:\Users\mbahoshy\coding\tadah\imgs\food.gif
C:\Users\mbahoshy\coding\tadah\imgs\food.JPG
C:\Users\mbahoshy\coding\tadah\imgs\GreatVibes-Regular.otf
C:\Users\mbahoshy\coding\tadah\imgs\meat.jpg
C:\Users\mbahoshy\coding\tadah\imgs\oranges.gif
C:\Users\mbahoshy\coding\tadah\imgs\oranges.JPG
C:\Users\mbahoshy\coding\tadah\imgs\pie.gif
C:\Users\mbahoshy\coding\tadah\imgs\pie.jpg
C:\Users\mbahoshy\coding\tadah\imgs\plated.gif
C:\Users\mbahoshy\coding\tadah\imgs\platter-full.JPG
C:\Users\mbahoshy\coding\tadah\imgs\portuese2.jpg
C:\Users\mbahoshy\coding\tadah\imgs\salad.jpg
C:\Users\mbahoshy\coding\tadah\imgs\SIL Open Font License.txt
C:\Users\mbahoshy\coding\tadah\imgs\sweet.gif
C:\Users\mbahoshy\coding\tadah\imgs\sweet.JPG
C:\Users\mbahoshy\coding\tadah\imgs\wood.png
C:\Users\mbahoshy\coding\tadah\imgs\zoom_platter.gif
C:\Users\mbahoshy\coding\tadah\imgs\zoom_platter.JPG
C:\Users\mbahoshy\coding\tadah\pages\love-notes.html
C:\Users\mbahoshy\coding\tadah\pages\seattle-catering-events.html
C:\Users\mbahoshy\coding\tadah\pages\seattle-catering-menu.html
C:\Users\mbahoshy\coding\tadah\pages\seattle-contact-catering.html
C:\Users\mbahoshy\coding\tadah\scripts\jquery.js
33 File(s) copied
C:\Users\mbahoshy\coding\tadah\copyback.bat
C:\Users\mbahoshy\coding\tadah\copyback.log
C:\Users\mbahoshy\coding\tadah\index.html
C:\Users\mbahoshy\coding\tadah\main.css
C:\Users\mbahoshy\coding\tadah\imgs\asparagus.JPG
C:\Users\mbahoshy\coding\tadah\imgs\berry.JPG
C:\Users\mbahoshy\coding\tadah\imgs\cake.JPG
C:\Users\mbahoshy\coding\tadah\imgs\close-up-fruit.jpg
C:\Users\mbahoshy\coding\tadah\imgs\cupcake.gif
C:\Users\mbahoshy\coding\tadah\imgs\cupcake.JPG
C:\Users\mbahoshy\coding\tadah\imgs\food.gif
C:\Users\mbahoshy\coding\tadah\imgs\food.JPG
C:\Users\mbahoshy\coding\tadah\imgs\GreatVibes-Regular.otf
C:\Users\mbahoshy\coding\tadah\imgs\meat.jpg
C:\Users\mbahoshy\coding\tadah\imgs\oranges.gif
C:\Users\mbahoshy\coding\tadah\imgs\oranges.JPG
C:\Users\mbahoshy\coding\tadah\imgs\pie.gif
C:\Users\mbahoshy\coding\tadah\imgs\pie.jpg
C:\Users\mbahoshy\coding\tadah\imgs\plated.gif
C:\Users\mbahoshy\coding\tadah\imgs\platter-full.JPG
C:\Users\mbahoshy\coding\tadah\imgs\portuese2.jpg
C:\Users\mbahoshy\coding\tadah\imgs\salad.jpg
C:\Users\mbahoshy\coding\tadah\imgs\SIL Open Font License.txt
C:\Users\mbahoshy\coding\tadah\imgs\sweet.gif
C:\Users\mbahoshy\coding\tadah\imgs\sweet.JPG
C:\Users\mbahoshy\coding\tadah\imgs\wood.png
C:\Users\mbahoshy\coding\tadah\imgs\zoom_platter.gif
C:\Users\mbahoshy\coding\tadah\imgs\zoom_platter.JPG
C:\Users\mbahoshy\coding\tadah\pages\love-notes.html
C:\Users\mbahoshy\coding\tadah\pages\seattle-catering-events.html
C:\Users\mbahoshy\coding\tadah\pages\seattle-catering-menu.html
C:\Users\mbahoshy\coding\tadah\pages\seattle-contact-catering.html
C:\Users\mbahoshy\coding\tadah\scripts\jquery.js
33 File(s) copied
C:\Users\mbahoshy\coding\tadah\copyback.bat
C:\Users\mbahoshy\coding\tadah\copyback.log
C:\Users\mbahoshy\coding\tadah\index.html
C:\Users\mbahoshy\coding\tadah\main.css
C:\Users\mbahoshy\coding\tadah\imgs\asparagus.JPG
C:\Users\mbahoshy\coding\tadah\imgs\berry.JPG
C:\Users\mbahoshy\coding\tadah\imgs\cake.JPG
C:\Users\mbahoshy\coding\tadah\imgs\close-up-fruit.jpg
C:\Users\mbahoshy\coding\tadah\imgs\cupcake.gif
C:\Users\mbahoshy\coding\tadah\imgs\cupcake.JPG
C:\Users\mbahoshy\coding\tadah\imgs\food.gif
C:\Users\mbahoshy\coding\tadah\imgs\food.JPG
C:\Users\mbahoshy\coding\tadah\imgs\GreatVibes-Regular.otf
C:\Users\mbahoshy\coding\tadah\imgs\meat.jpg
C:\Users\mbahoshy\coding\tadah\imgs\oranges.gif
C:\Users\mbahoshy\coding\tadah\imgs\oranges.JPG
C:\Users\mbahoshy\coding\tadah\imgs\pie.gif
C:\Users\mbahoshy\coding\tadah\imgs\pie.jpg
C:\Users\mbahoshy\coding\tadah\imgs\plated.gif
C:\Users\mbahoshy\coding\tadah\imgs\platter-full.JPG
C:\Users\mbahoshy\coding\tadah\imgs\portuese2.jpg
C:\Users\mbahoshy\coding\tadah\imgs\salad.jpg
C:\Users\mbahoshy\coding\tadah\imgs\SIL Open Font License.txt
C:\Users\mbahoshy\coding\tadah\imgs\sweet.gif
C:\Users\mbahoshy\coding\tadah\imgs\sweet.JPG
C:\Users\mbahoshy\coding\tadah\imgs\wood.png
C:\Users\mbahoshy\coding\tadah\imgs\zoom_platter.gif
C:\Users\mbahoshy\coding\tadah\imgs\zoom_platter.JPG
C:\Users\mbahoshy\coding\tadah\pages\love-notes.html
C:\Users\mbahoshy\coding\tadah\pages\seattle-catering-events.html
C:\Users\mbahoshy\coding\tadah\pages\seattle-catering-menu.html
C:\Users\mbahoshy\coding\tadah\pages\seattle-contact-catering.html
C:\Users\mbahoshy\coding\tadah\scripts\jquery.js
33 File(s) copied
C:\Users\mbahoshy\coding\tadah\copyback.bat
C:\Users\mbahoshy\coding\tadah\copyback.log
C:\Users\mbahoshy\coding\tadah\index.html
C:\Users\mbahoshy\coding\tadah\main.css
C:\Users\mbahoshy\coding\tadah\imgs\asparagus.JPG
C:\Users\mbahoshy\coding\tadah\imgs\berry.JPG
C:\Users\mbahoshy\coding\tadah\imgs\cake.JPG
C:\Users\mbahoshy\coding\tadah\imgs\close-up-fruit.jpg
C:\Users\mbahoshy\coding\tadah\imgs\cupcake.gif
C:\Users\mbahoshy\coding\tadah\imgs\cupcake.JPG
C:\Users\mbahoshy\coding\tadah\imgs\food.gif
C:\Users\mbahoshy\coding\tadah\imgs\food.JPG
C:\Users\mbahoshy\coding\tadah\imgs\GreatVibes-Regular.otf
C:\Users\mbahoshy\coding\tadah\imgs\meat.jpg
C:\Users\mbahoshy\coding\tadah\imgs\oranges.gif
C:\Users\mbahoshy\coding\tadah\imgs\oranges.JPG
C:\Users\mbahoshy\coding\tadah\imgs\pie.gif
C:\Users\mbahoshy\coding\tadah\imgs\pie.jpg
C:\Users\mbahoshy\coding\tadah\imgs\plated.gif
C:\Users\mbahoshy\coding\tadah\imgs\platter-full.JPG
C:\Users\mbahoshy\coding\tadah\imgs\portuese2.jpg
C:\Users\mbahoshy\coding\tadah\imgs\salad.jpg
C:\Users\mbahoshy\coding\tadah\imgs\SIL Open Font License.txt
C:\Users\mbahoshy\coding\tadah\imgs\sweet.gif
C:\Users\mbahoshy\coding\tadah\imgs\sweet.JPG
C:\Users\mbahoshy\coding\tadah\imgs\wood.png
C:\Users\mbahoshy\coding\tadah\imgs\zoom_platter.gif
C:\Users\mbahoshy\coding\tadah\imgs\zoom_platter.JPG
C:\Users\mbahoshy\coding\tadah\pages\love-notes.html
C:\Users\mbahoshy\coding\tadah\pages\seattle-catering-events.html
C:\Users\mbahoshy\coding\tadah\pages\seattle-catering-menu.html
C:\Users\mbahoshy\coding\tadah\pages\seattle-contact-catering.html
C:\Users\mbahoshy\coding\tadah\scripts\jquery.js
33 File(s) copied
C:\Users\mbahoshy\coding\tadah\copyback.bat
C:\Users\mbahoshy\coding\tadah\copyback.log
C:\Users\mbahoshy\coding\tadah\index.html
C:\Users\mbahoshy\coding\tadah\main.css
C:\Users\mbahoshy\coding\tadah\imgs\asparagus.JPG
C:\Users\mbahoshy\coding\tadah\imgs\berry.JPG
C:\Users\mbahoshy\coding\tadah\imgs\cake.JPG
C:\Users\mbahoshy\coding\tadah\imgs\close-up-fruit.jpg
C:\Users\mbahoshy\coding\tadah\imgs\cupcake.gif
C:\Users\mbahoshy\coding\tadah\imgs\cupcake.JPG
C:\Users\mbahoshy\coding\tadah\imgs\food.gif
C:\Users\mbahoshy\coding\tadah\imgs\food.JPG
C:\Users\mbahoshy\coding\tadah\imgs\GreatVibes-Regular.otf
C:\Users\mbahoshy\coding\tadah\imgs\meat.jpg
C:\Users\mbahoshy\coding\tadah\imgs\oranges.gif
C:\Users\mbahoshy\coding\tadah\imgs\oranges.JPG
C:\Users\mbahoshy\coding\tadah\imgs\pie.gif
C:\Users\mbahoshy\coding\tadah\imgs\pie.jpg
C:\Users\mbahoshy\coding\tadah\imgs\plated.gif
C:\Users\mbahoshy\coding\tadah\imgs\platter-full.JPG
C:\Users\mbahoshy\coding\tadah\imgs\portuese2.jpg
C:\Users\mbahoshy\coding\tadah\imgs\salad.jpg
C:\Users\mbahoshy\coding\tadah\imgs\SIL Open Font License.txt
C:\Users\mbahoshy\coding\tadah\imgs\sweet.gif
C:\Users\mbahoshy\coding\tadah\imgs\sweet.JPG
C:\Users\mbahoshy\coding\tadah\imgs\wood.png
C:\Users\mbahoshy\coding\tadah\imgs\zoom_platter.gif
C:\Users\mbahoshy\coding\tadah\imgs\zoom_platter.JPG
C:\Users\mbahoshy\coding\tadah\pages\love-notes.html
C:\Users\mbahoshy\coding\tadah\pages\seattle-catering-events.html
C:\Users\mbahoshy\coding\tadah\pages\seattle-catering-menu.html
C:\Users\mbahoshy\coding\tadah\pages\seattle-contact-catering.html
C:\Users\mbahoshy\coding\tadah\scripts\jquery.js
33 File(s) copied
